2024-06-09 04:57:25 INFO  o.h.validator.internal.util.Version - HV000001: Hibernate Validator 8.0.1.Final
2024-06-09 04:57:25 INFO  c.l.b.BackendAuthApplication - Starting BackendAuthApplication using Java 17.0.9 with PID 20743 (/home/user/auth/backendAuth/target/classes started by user in /home/user/auth/backendAuth)
2024-06-09 04:57:25 DEBUG c.l.b.BackendAuthApplication - Running with Spring Boot v3.3.0, Spring v6.1.8
2024-06-09 04:57:25 INFO  c.l.b.BackendAuthApplication - No active profile set, falling back to 1 default profile: "default"
2024-06-09 04:57:25 INFO  o.s.b.d.e.DevToolsPropertyDefaultsPostProcessor - Devtools property defaults active! Set 'spring.devtools.add-properties' to 'false' to disable
2024-06-09 04:57:25 INFO  o.s.b.d.e.DevToolsPropertyDefaultsPostProcessor - For additional web related logging consider setting the 'logging.level.web' property to 'DEBUG'
2024-06-09 04:57:26 INFO  o.s.d.r.c.RepositoryConfigurationDelegate - Bootstrapping Spring Data JPA repositories in DEFAULT mode.
2024-06-09 04:57:26 INFO  o.s.d.r.c.RepositoryConfigurationDelegate - Finished Spring Data repository scanning in 59 ms. Found 4 JPA repository interfaces.
2024-06-09 04:57:27 INFO  o.s.b.w.e.tomcat.TomcatWebServer - Tomcat initialized with port 8080 (http)
2024-06-09 04:57:27 INFO  o.a.coyote.http11.Http11NioProtocol - Initializing ProtocolHandler ["http-nio-8080"]
2024-06-09 04:57:27 INFO  o.a.catalina.core.StandardService - Starting service [Tomcat]
2024-06-09 04:57:27 INFO  o.a.catalina.core.StandardEngine - Starting Servlet engine: [Apache Tomcat/10.1.24]
2024-06-09 04:57:27 INFO  o.a.c.c.C.[Tomcat].[localhost].[/] - Initializing Spring embedded WebApplicationContext
2024-06-09 04:57:27 INFO  o.s.b.w.s.c.ServletWebServerApplicationContext - Root WebApplicationContext: initialization completed in 1412 ms
2024-06-09 04:57:27 INFO  o.h.jpa.internal.util.LogHelper - HHH000204: Processing PersistenceUnitInfo [name: default]
2024-06-09 04:57:27 INFO  org.hibernate.Version - HHH000412: Hibernate ORM core version 6.5.2.Final
2024-06-09 04:57:27 INFO  o.h.c.i.RegionFactoryInitiator - HHH000026: Second-level cache disabled
2024-06-09 04:57:27 INFO  o.s.o.j.p.SpringPersistenceUnitInfo - No LoadTimeWeaver setup: ignoring JPA class transformer
2024-06-09 04:57:27 INFO  com.zaxxer.hikari.HikariDataSource - HikariPool-1 - Starting...
2024-06-09 04:57:27 INFO  com.zaxxer.hikari.pool.HikariPool - HikariPool-1 - Added connection org.postgresql.jdbc.PgConnection@6070a4b
2024-06-09 04:57:27 INFO  com.zaxxer.hikari.HikariDataSource - HikariPool-1 - Start completed.
2024-06-09 04:57:27 WARN  org.hibernate.orm.deprecation - HHH90000025: PostgreSQLDialect does not need to be specified explicitly using 'hibernate.dialect' (remove the property setting and it will be selected by default)
2024-06-09 04:57:28 INFO  o.h.e.t.j.p.i.JtaPlatformInitiator - HHH000489: No JTA platform available (set 'hibernate.transaction.jta.platform' to enable JTA platform integration)
2024-06-09 04:57:28 INFO  o.s.o.j.LocalContainerEntityManagerFactoryBean - Initialized JPA EntityManagerFactory for persistence unit 'default'
2024-06-09 04:57:29 DEBUG c.l.b.security.AuthTokenFilter - Filter 'authTokenFilter' configured for use
2024-06-09 04:57:29 INFO  o.s.s.c.a.a.c.InitializeUserDetailsBeanManagerConfigurer$InitializeUserDetailsManagerConfigurer - Global AuthenticationManager configured with UserDetailsService bean with name userServiceImpl
2024-06-09 04:57:29 WARN  o.s.b.a.o.j.JpaBaseConfiguration$JpaWebConfiguration - spring.jpa.open-in-view is enabled by default. Therefore, database queries may be performed during view rendering. Explicitly configure spring.jpa.open-in-view to disable this warning
2024-06-09 04:57:29 INFO  c.l.b.security.SecurityConfiguration - Configuring security filter chain...
2024-06-09 04:57:29 INFO  c.l.b.security.SecurityConfiguration - Security filter chain configured successfully.
2024-06-09 04:57:29 INFO  o.s.s.web.DefaultSecurityFilterChain - Will secure any request with [org.springframework.security.web.session.DisableEncodeUrlFilter@74e762c, org.springframework.security.web.context.request.async.WebAsyncManagerIntegrationFilter@4dbaa65f, org.springframework.security.web.context.SecurityContextHolderFilter@1a7f271a, org.springframework.security.web.header.HeaderWriterFilter@1a4caa63, org.springframework.web.filter.CorsFilter@79be6f68, org.springframework.security.web.authentication.logout.LogoutFilter@6254e061, com.learn.backendAuth.security.AuthTokenFilter@4c69b6ab, org.springframework.security.web.savedrequest.RequestCacheAwareFilter@b0a57a4, org.springframework.security.web.servletapi.SecurityContextHolderAwareRequestFilter@5cffd322, org.springframework.security.web.authentication.AnonymousAuthenticationFilter@41296b8f, org.springframework.security.web.session.SessionManagementFilter@32f744ef, org.springframework.security.web.access.ExceptionTranslationFilter@35a34ad4, org.springframework.security.web.access.intercept.AuthorizationFilter@24cdde64]
2024-06-09 04:57:29 INFO  o.s.b.d.a.OptionalLiveReloadServer - LiveReload server is running on port 35729
2024-06-09 04:57:29 INFO  o.a.coyote.http11.Http11NioProtocol - Starting ProtocolHandler ["http-nio-8080"]
2024-06-09 04:57:29 INFO  o.s.b.w.e.tomcat.TomcatWebServer - Tomcat started on port 8080 (http) with context path '/'
2024-06-09 04:57:29 INFO  c.l.b.BackendAuthApplication - Started BackendAuthApplication in 4.597 seconds (process running for 5.125)
2024-06-09 04:57:49 INFO  o.a.c.c.C.[Tomcat].[localhost].[/] - Initializing Spring DispatcherServlet 'dispatcherServlet'
2024-06-09 04:57:49 INFO  o.s.web.servlet.DispatcherServlet - Initializing Servlet 'dispatcherServlet'
2024-06-09 04:57:49 INFO  o.s.web.servlet.DispatcherServlet - Completed initialization in 1 ms
2024-06-09 04:57:49 INFO  c.l.b.security.AuthTokenFilter - No Bearer token found in header
2024-06-09 04:57:50 INFO  c.l.b.service.impl.AuthServiceImpl - Registered new customer with username 'isnaayum'
2024-06-09 04:58:13 INFO  c.l.b.security.AuthTokenFilter - No Bearer token found in header
2024-06-09 04:58:13 INFO  c.learn.backendAuth.security.JwtUtil - Token generated successfully for user 'isnaayum'
2024-06-09 04:58:13 INFO  c.l.b.service.impl.AuthServiceImpl - User 'isnaayum' logged in successfully
2024-06-09 04:59:07 INFO  o.s.o.j.LocalContainerEntityManagerFactoryBean - Closing JPA EntityManagerFactory for persistence unit 'default'
2024-06-09 04:59:07 INFO  com.zaxxer.hikari.HikariDataSource - HikariPool-1 - Shutdown initiated...
2024-06-09 04:59:07 INFO  com.zaxxer.hikari.HikariDataSource - HikariPool-1 - Shutdown completed.
2024-06-09 05:41:59 INFO  o.h.validator.internal.util.Version - HV000001: Hibernate Validator 8.0.1.Final
2024-06-09 05:41:59 INFO  c.l.b.BackendAuthApplication - Starting BackendAuthApplication using Java 17.0.9 with PID 16440 (/home/user/auth/backendAuth/target/classes started by user in /home/user/auth/backendAuth)
2024-06-09 05:41:59 DEBUG c.l.b.BackendAuthApplication - Running with Spring Boot v3.3.0, Spring v6.1.8
2024-06-09 05:41:59 INFO  c.l.b.BackendAuthApplication - No active profile set, falling back to 1 default profile: "default"
2024-06-09 05:41:59 INFO  o.s.b.d.e.DevToolsPropertyDefaultsPostProcessor - Devtools property defaults active! Set 'spring.devtools.add-properties' to 'false' to disable
2024-06-09 05:41:59 INFO  o.s.b.d.e.DevToolsPropertyDefaultsPostProcessor - For additional web related logging consider setting the 'logging.level.web' property to 'DEBUG'
2024-06-09 05:42:00 INFO  o.s.d.r.c.RepositoryConfigurationDelegate - Bootstrapping Spring Data JPA repositories in DEFAULT mode.
2024-06-09 05:42:00 INFO  o.s.d.r.c.RepositoryConfigurationDelegate - Finished Spring Data repository scanning in 59 ms. Found 4 JPA repository interfaces.
2024-06-09 05:42:01 INFO  o.s.b.w.e.tomcat.TomcatWebServer - Tomcat initialized with port 8080 (http)
2024-06-09 05:42:01 INFO  o.a.coyote.http11.Http11NioProtocol - Initializing ProtocolHandler ["http-nio-8080"]
2024-06-09 05:42:01 INFO  o.a.catalina.core.StandardService - Starting service [Tomcat]
2024-06-09 05:42:01 INFO  o.a.catalina.core.StandardEngine - Starting Servlet engine: [Apache Tomcat/10.1.24]
2024-06-09 05:42:01 INFO  o.a.c.c.C.[Tomcat].[localhost].[/] - Initializing Spring embedded WebApplicationContext
2024-06-09 05:42:01 INFO  o.s.b.w.s.c.ServletWebServerApplicationContext - Root WebApplicationContext: initialization completed in 1714 ms
2024-06-09 05:42:01 INFO  o.h.jpa.internal.util.LogHelper - HHH000204: Processing PersistenceUnitInfo [name: default]
2024-06-09 05:42:01 INFO  org.hibernate.Version - HHH000412: Hibernate ORM core version 6.5.2.Final
2024-06-09 05:42:01 INFO  o.h.c.i.RegionFactoryInitiator - HHH000026: Second-level cache disabled
2024-06-09 05:42:01 INFO  o.s.o.j.p.SpringPersistenceUnitInfo - No LoadTimeWeaver setup: ignoring JPA class transformer
2024-06-09 05:42:01 INFO  com.zaxxer.hikari.HikariDataSource - HikariPool-1 - Starting...
2024-06-09 05:42:02 INFO  com.zaxxer.hikari.pool.HikariPool - HikariPool-1 - Added connection org.postgresql.jdbc.PgConnection@2b536848
2024-06-09 05:42:02 INFO  com.zaxxer.hikari.HikariDataSource - HikariPool-1 - Start completed.
2024-06-09 05:42:02 WARN  org.hibernate.orm.deprecation - HHH90000025: PostgreSQLDialect does not need to be specified explicitly using 'hibernate.dialect' (remove the property setting and it will be selected by default)
2024-06-09 05:42:03 INFO  o.h.e.t.j.p.i.JtaPlatformInitiator - HHH000489: No JTA platform available (set 'hibernate.transaction.jta.platform' to enable JTA platform integration)
2024-06-09 05:42:03 INFO  o.s.o.j.LocalContainerEntityManagerFactoryBean - Initialized JPA EntityManagerFactory for persistence unit 'default'
2024-06-09 05:42:03 DEBUG c.l.b.security.AuthTokenFilter - Filter 'authTokenFilter' configured for use
2024-06-09 05:42:03 INFO  o.s.s.c.a.a.c.InitializeUserDetailsBeanManagerConfigurer$InitializeUserDetailsManagerConfigurer - Global AuthenticationManager configured with UserDetailsService bean with name userServiceImpl
2024-06-09 05:42:03 WARN  o.s.b.a.o.j.JpaBaseConfiguration$JpaWebConfiguration - spring.jpa.open-in-view is enabled by default. Therefore, database queries may be performed during view rendering. Explicitly configure spring.jpa.open-in-view to disable this warning
2024-06-09 05:42:04 INFO  c.l.b.security.SecurityConfiguration - Configuring security filter chain...
2024-06-09 05:42:04 INFO  c.l.b.security.SecurityConfiguration - Security filter chain configured successfully.
2024-06-09 05:42:04 INFO  o.s.s.web.DefaultSecurityFilterChain - Will secure any request with [org.springframework.security.web.session.DisableEncodeUrlFilter@5f85d318, org.springframework.security.web.context.request.async.WebAsyncManagerIntegrationFilter@2ac30f8b, org.springframework.security.web.context.SecurityContextHolderFilter@4358df80, org.springframework.security.web.header.HeaderWriterFilter@2c6f80cf, org.springframework.web.filter.CorsFilter@43087780, org.springframework.security.web.authentication.logout.LogoutFilter@6790ce93, com.learn.backendAuth.security.AuthTokenFilter@25b9e3e5, org.springframework.security.web.savedrequest.RequestCacheAwareFilter@39bd522, org.springframework.security.web.servletapi.SecurityContextHolderAwareRequestFilter@38c0a626, org.springframework.security.web.authentication.AnonymousAuthenticationFilter@2715800a, org.springframework.security.web.session.SessionManagementFilter@529f048a, org.springframework.security.web.access.ExceptionTranslationFilter@6c7c6994, org.springframework.security.web.access.intercept.AuthorizationFilter@6bd3cc17]
2024-06-09 05:42:04 INFO  o.s.b.d.a.OptionalLiveReloadServer - LiveReload server is running on port 35729
2024-06-09 05:42:04 INFO  o.a.coyote.http11.Http11NioProtocol - Starting ProtocolHandler ["http-nio-8080"]
2024-06-09 05:42:04 INFO  o.s.b.w.e.tomcat.TomcatWebServer - Tomcat started on port 8080 (http) with context path '/'
2024-06-09 05:42:04 INFO  c.l.b.BackendAuthApplication - Started BackendAuthApplication in 5.81 seconds (process running for 6.638)
2024-06-09 05:42:22 INFO  o.s.o.j.LocalContainerEntityManagerFactoryBean - Closing JPA EntityManagerFactory for persistence unit 'default'
2024-06-09 05:42:22 INFO  com.zaxxer.hikari.HikariDataSource - HikariPool-1 - Shutdown initiated...
2024-06-09 05:42:22 INFO  com.zaxxer.hikari.HikariDataSource - HikariPool-1 - Shutdown completed.
2024-06-09 05:42:26 INFO  o.h.validator.internal.util.Version - HV000001: Hibernate Validator 8.0.1.Final
2024-06-09 05:42:26 INFO  c.l.b.BackendAuthApplication - Starting BackendAuthApplication using Java 17.0.9 with PID 16663 (/home/user/auth/backendAuth/target/classes started by user in /home/user/auth/backendAuth)
2024-06-09 05:42:26 DEBUG c.l.b.BackendAuthApplication - Running with Spring Boot v3.3.0, Spring v6.1.8
2024-06-09 05:42:26 INFO  c.l.b.BackendAuthApplication - No active profile set, falling back to 1 default profile: "default"
2024-06-09 05:42:26 INFO  o.s.b.d.e.DevToolsPropertyDefaultsPostProcessor - Devtools property defaults active! Set 'spring.devtools.add-properties' to 'false' to disable
2024-06-09 05:42:26 INFO  o.s.b.d.e.DevToolsPropertyDefaultsPostProcessor - For additional web related logging consider setting the 'logging.level.web' property to 'DEBUG'
2024-06-09 05:42:26 INFO  o.s.d.r.c.RepositoryConfigurationDelegate - Bootstrapping Spring Data JPA repositories in DEFAULT mode.
2024-06-09 05:42:27 INFO  o.s.d.r.c.RepositoryConfigurationDelegate - Finished Spring Data repository scanning in 55 ms. Found 4 JPA repository interfaces.
2024-06-09 05:42:27 INFO  o.s.b.w.e.tomcat.TomcatWebServer - Tomcat initialized with port 8080 (http)
2024-06-09 05:42:27 INFO  o.a.coyote.http11.Http11NioProtocol - Initializing ProtocolHandler ["http-nio-8080"]
2024-06-09 05:42:27 INFO  o.a.catalina.core.StandardService - Starting service [Tomcat]
2024-06-09 05:42:27 INFO  o.a.catalina.core.StandardEngine - Starting Servlet engine: [Apache Tomcat/10.1.24]
2024-06-09 05:42:27 INFO  o.a.c.c.C.[Tomcat].[localhost].[/] - Initializing Spring embedded WebApplicationContext
2024-06-09 05:42:27 INFO  o.s.b.w.s.c.ServletWebServerApplicationContext - Root WebApplicationContext: initialization completed in 1477 ms
2024-06-09 05:42:27 INFO  o.h.jpa.internal.util.LogHelper - HHH000204: Processing PersistenceUnitInfo [name: default]
2024-06-09 05:42:27 INFO  org.hibernate.Version - HHH000412: Hibernate ORM core version 6.5.2.Final
2024-06-09 05:42:27 INFO  o.h.c.i.RegionFactoryInitiator - HHH000026: Second-level cache disabled
2024-06-09 05:42:28 INFO  o.s.o.j.p.SpringPersistenceUnitInfo - No LoadTimeWeaver setup: ignoring JPA class transformer
2024-06-09 05:42:28 INFO  com.zaxxer.hikari.HikariDataSource - HikariPool-1 - Starting...
2024-06-09 05:42:28 INFO  com.zaxxer.hikari.pool.HikariPool - HikariPool-1 - Added connection org.postgresql.jdbc.PgConnection@1cae8531
2024-06-09 05:42:28 INFO  com.zaxxer.hikari.HikariDataSource - HikariPool-1 - Start completed.
2024-06-09 05:42:28 WARN  org.hibernate.orm.deprecation - HHH90000025: PostgreSQLDialect does not need to be specified explicitly using 'hibernate.dialect' (remove the property setting and it will be selected by default)
2024-06-09 05:42:29 INFO  o.h.e.t.j.p.i.JtaPlatformInitiator - HHH000489: No JTA platform available (set 'hibernate.transaction.jta.platform' to enable JTA platform integration)
2024-06-09 05:42:29 INFO  o.s.o.j.LocalContainerEntityManagerFactoryBean - Initialized JPA EntityManagerFactory for persistence unit 'default'
2024-06-09 05:42:29 DEBUG c.l.b.security.AuthTokenFilter - Filter 'authTokenFilter' configured for use
2024-06-09 05:42:29 INFO  o.s.s.c.a.a.c.InitializeUserDetailsBeanManagerConfigurer$InitializeUserDetailsManagerConfigurer - Global AuthenticationManager configured with UserDetailsService bean with name userServiceImpl
2024-06-09 05:42:29 WARN  o.s.b.a.o.j.JpaBaseConfiguration$JpaWebConfiguration - spring.jpa.open-in-view is enabled by default. Therefore, database queries may be performed during view rendering. Explicitly configure spring.jpa.open-in-view to disable this warning
2024-06-09 05:42:30 INFO  c.l.b.security.SecurityConfiguration - Configuring security filter chain...
2024-06-09 05:42:30 INFO  c.l.b.security.SecurityConfiguration - Security filter chain configured successfully.
2024-06-09 05:42:30 INFO  o.s.s.web.DefaultSecurityFilterChain - Will secure any request with [org.springframework.security.web.session.DisableEncodeUrlFilter@16a7cef5, org.springframework.security.web.context.request.async.WebAsyncManagerIntegrationFilter@5cc44038, org.springframework.security.web.context.SecurityContextHolderFilter@15f380e1, org.springframework.security.web.header.HeaderWriterFilter@496b82d, org.springframework.web.filter.CorsFilter@2bc7806d, org.springframework.security.web.authentication.logout.LogoutFilter@5f85d318, com.learn.backendAuth.security.AuthTokenFilter@5de4b17d, org.springframework.security.web.savedrequest.RequestCacheAwareFilter@31e6725f, org.springframework.security.web.servletapi.SecurityContextHolderAwareRequestFilter@b37f0f0, org.springframework.security.web.authentication.AnonymousAuthenticationFilter@20724318, org.springframework.security.web.session.SessionManagementFilter@6254e061, org.springframework.security.web.access.ExceptionTranslationFilter@2225ee07, org.springframework.security.web.access.intercept.AuthorizationFilter@6c84d5ac]
2024-06-09 05:42:30 INFO  o.s.b.d.a.OptionalLiveReloadServer - LiveReload server is running on port 35729
2024-06-09 05:42:30 INFO  o.a.coyote.http11.Http11NioProtocol - Starting ProtocolHandler ["http-nio-8080"]
2024-06-09 05:42:30 INFO  o.s.b.w.e.tomcat.TomcatWebServer - Tomcat started on port 8080 (http) with context path '/'
2024-06-09 05:42:30 INFO  c.l.b.BackendAuthApplication - Started BackendAuthApplication in 5.013 seconds (process running for 5.696)
2024-06-09 06:26:08 INFO  o.s.o.j.LocalContainerEntityManagerFactoryBean - Closing JPA EntityManagerFactory for persistence unit 'default'
2024-06-09 06:26:08 INFO  com.zaxxer.hikari.HikariDataSource - HikariPool-1 - Shutdown initiated...
2024-06-09 06:26:08 INFO  com.zaxxer.hikari.HikariDataSource - HikariPool-1 - Shutdown completed.
2024-06-09 06:27:43 INFO  o.h.validator.internal.util.Version - HV000001: Hibernate Validator 8.0.1.Final
2024-06-09 06:27:43 INFO  c.l.b.BackendAuthApplication - Starting BackendAuthApplication using Java 17.0.9 with PID 49389 (/home/user/auth/backendAuth/target/classes started by user in /home/user/auth/backendAuth)
2024-06-09 06:27:43 DEBUG c.l.b.BackendAuthApplication - Running with Spring Boot v3.3.0, Spring v6.1.8
2024-06-09 06:27:43 INFO  c.l.b.BackendAuthApplication - No active profile set, falling back to 1 default profile: "default"
2024-06-09 06:27:43 INFO  o.s.b.d.e.DevToolsPropertyDefaultsPostProcessor - Devtools property defaults active! Set 'spring.devtools.add-properties' to 'false' to disable
2024-06-09 06:27:43 INFO  o.s.b.d.e.DevToolsPropertyDefaultsPostProcessor - For additional web related logging consider setting the 'logging.level.web' property to 'DEBUG'
2024-06-09 06:27:44 INFO  o.s.d.r.c.RepositoryConfigurationDelegate - Bootstrapping Spring Data JPA repositories in DEFAULT mode.
2024-06-09 06:27:44 INFO  o.s.d.r.c.RepositoryConfigurationDelegate - Finished Spring Data repository scanning in 71 ms. Found 4 JPA repository interfaces.
2024-06-09 06:27:44 INFO  o.s.b.w.e.tomcat.TomcatWebServer - Tomcat initialized with port 8080 (http)
2024-06-09 06:27:44 INFO  o.a.coyote.http11.Http11NioProtocol - Initializing ProtocolHandler ["http-nio-8080"]
2024-06-09 06:27:44 INFO  o.a.catalina.core.StandardService - Starting service [Tomcat]
2024-06-09 06:27:44 INFO  o.a.catalina.core.StandardEngine - Starting Servlet engine: [Apache Tomcat/10.1.24]
2024-06-09 06:27:44 INFO  o.a.c.c.C.[Tomcat].[localhost].[/] - Initializing Spring embedded WebApplicationContext
2024-06-09 06:27:44 INFO  o.s.b.w.s.c.ServletWebServerApplicationContext - Root WebApplicationContext: initialization completed in 1518 ms
2024-06-09 06:27:44 INFO  o.h.jpa.internal.util.LogHelper - HHH000204: Processing PersistenceUnitInfo [name: default]
2024-06-09 06:27:44 INFO  org.hibernate.Version - HHH000412: Hibernate ORM core version 6.5.2.Final
2024-06-09 06:27:44 INFO  o.h.c.i.RegionFactoryInitiator - HHH000026: Second-level cache disabled
2024-06-09 06:27:45 INFO  o.s.o.j.p.SpringPersistenceUnitInfo - No LoadTimeWeaver setup: ignoring JPA class transformer
2024-06-09 06:27:45 INFO  com.zaxxer.hikari.HikariDataSource - HikariPool-1 - Starting...
2024-06-09 06:27:45 INFO  com.zaxxer.hikari.pool.HikariPool - HikariPool-1 - Added connection org.postgresql.jdbc.PgConnection@2ae906d6
2024-06-09 06:27:45 INFO  com.zaxxer.hikari.HikariDataSource - HikariPool-1 - Start completed.
2024-06-09 06:27:45 WARN  org.hibernate.orm.deprecation - HHH90000025: PostgreSQLDialect does not need to be specified explicitly using 'hibernate.dialect' (remove the property setting and it will be selected by default)
2024-06-09 06:27:46 INFO  o.h.e.t.j.p.i.JtaPlatformInitiator - HHH000489: No JTA platform available (set 'hibernate.transaction.jta.platform' to enable JTA platform integration)
2024-06-09 06:27:46 INFO  o.s.o.j.LocalContainerEntityManagerFactoryBean - Initialized JPA EntityManagerFactory for persistence unit 'default'
2024-06-09 06:27:46 DEBUG c.l.b.security.AuthTokenFilter - Filter 'authTokenFilter' configured for use
2024-06-09 06:27:46 INFO  o.s.s.c.a.a.c.InitializeUserDetailsBeanManagerConfigurer$InitializeUserDetailsManagerConfigurer - Global AuthenticationManager configured with UserDetailsService bean with name userServiceImpl
2024-06-09 06:27:46 WARN  o.s.b.a.o.j.JpaBaseConfiguration$JpaWebConfiguration - spring.jpa.open-in-view is enabled by default. Therefore, database queries may be performed during view rendering. Explicitly configure spring.jpa.open-in-view to disable this warning
2024-06-09 06:27:47 INFO  c.l.b.security.SecurityConfiguration - Configuring security filter chain...
2024-06-09 06:27:47 INFO  c.l.b.security.SecurityConfiguration - Security filter chain configured successfully.
2024-06-09 06:27:47 INFO  o.s.s.web.DefaultSecurityFilterChain - Will secure any request with [org.springframework.security.web.session.DisableEncodeUrlFilter@14f37251, org.springframework.security.web.context.request.async.WebAsyncManagerIntegrationFilter@54798192, org.springframework.security.web.context.SecurityContextHolderFilter@3998478e, org.springframework.security.web.header.HeaderWriterFilter@64a99d6d, org.springframework.web.filter.CorsFilter@6357f253, org.springframework.security.web.authentication.logout.LogoutFilter@33961cbe, com.learn.backendAuth.security.AuthTokenFilter@2fa2e4ce, org.springframework.security.web.savedrequest.RequestCacheAwareFilter@559a188b, org.springframework.security.web.servletapi.SecurityContextHolderAwareRequestFilter@662d1cfb, org.springframework.security.web.authentication.AnonymousAuthenticationFilter@1a10e56a, org.springframework.security.web.session.SessionManagementFilter@730e9b5e, org.springframework.security.web.access.ExceptionTranslationFilter@1769977b, org.springframework.security.web.access.intercept.AuthorizationFilter@68951bf6]
2024-06-09 06:27:47 INFO  o.s.b.d.a.OptionalLiveReloadServer - LiveReload server is running on port 35729
2024-06-09 06:27:47 INFO  o.a.coyote.http11.Http11NioProtocol - Starting ProtocolHandler ["http-nio-8080"]
2024-06-09 06:27:47 INFO  o.s.b.w.e.tomcat.TomcatWebServer - Tomcat started on port 8080 (http) with context path '/'
2024-06-09 06:27:47 INFO  c.l.b.BackendAuthApplication - Started BackendAuthApplication in 5.007 seconds (process running for 5.594)
2024-06-09 06:37:51 INFO  o.s.o.j.LocalContainerEntityManagerFactoryBean - Closing JPA EntityManagerFactory for persistence unit 'default'
2024-06-09 06:37:51 INFO  com.zaxxer.hikari.HikariDataSource - HikariPool-1 - Shutdown initiated...
2024-06-09 06:37:51 INFO  com.zaxxer.hikari.HikariDataSource - HikariPool-1 - Shutdown completed.
2024-06-09 06:37:54 INFO  o.h.validator.internal.util.Version - HV000001: Hibernate Validator 8.0.1.Final
2024-06-09 06:37:54 INFO  c.l.b.BackendAuthApplication - Starting BackendAuthApplication using Java 17.0.9 with PID 55763 (/home/user/auth/backendAuth/target/classes started by user in /home/user/auth/backendAuth)
2024-06-09 06:37:54 DEBUG c.l.b.BackendAuthApplication - Running with Spring Boot v3.3.0, Spring v6.1.8
2024-06-09 06:37:54 INFO  c.l.b.BackendAuthApplication - No active profile set, falling back to 1 default profile: "default"
2024-06-09 06:37:54 INFO  o.s.b.d.e.DevToolsPropertyDefaultsPostProcessor - Devtools property defaults active! Set 'spring.devtools.add-properties' to 'false' to disable
2024-06-09 06:37:54 INFO  o.s.b.d.e.DevToolsPropertyDefaultsPostProcessor - For additional web related logging consider setting the 'logging.level.web' property to 'DEBUG'
2024-06-09 06:37:55 INFO  o.s.d.r.c.RepositoryConfigurationDelegate - Bootstrapping Spring Data JPA repositories in DEFAULT mode.
2024-06-09 06:37:55 INFO  o.s.d.r.c.RepositoryConfigurationDelegate - Finished Spring Data repository scanning in 60 ms. Found 4 JPA repository interfaces.
2024-06-09 06:37:56 INFO  o.s.b.w.e.tomcat.TomcatWebServer - Tomcat initialized with port 8080 (http)
2024-06-09 06:37:56 INFO  o.a.coyote.http11.Http11NioProtocol - Initializing ProtocolHandler ["http-nio-8080"]
2024-06-09 06:37:56 INFO  o.a.catalina.core.StandardService - Starting service [Tomcat]
2024-06-09 06:37:56 INFO  o.a.catalina.core.StandardEngine - Starting Servlet engine: [Apache Tomcat/10.1.24]
2024-06-09 06:37:56 INFO  o.a.c.c.C.[Tomcat].[localhost].[/] - Initializing Spring embedded WebApplicationContext
2024-06-09 06:37:56 INFO  o.s.b.w.s.c.ServletWebServerApplicationContext - Root WebApplicationContext: initialization completed in 1395 ms
2024-06-09 06:37:56 INFO  o.h.jpa.internal.util.LogHelper - HHH000204: Processing PersistenceUnitInfo [name: default]
2024-06-09 06:37:56 INFO  org.hibernate.Version - HHH000412: Hibernate ORM core version 6.5.2.Final
2024-06-09 06:37:56 INFO  o.h.c.i.RegionFactoryInitiator - HHH000026: Second-level cache disabled
2024-06-09 06:37:56 INFO  o.s.o.j.p.SpringPersistenceUnitInfo - No LoadTimeWeaver setup: ignoring JPA class transformer
2024-06-09 06:37:56 INFO  com.zaxxer.hikari.HikariDataSource - HikariPool-1 - Starting...
2024-06-09 06:37:57 INFO  com.zaxxer.hikari.pool.HikariPool - HikariPool-1 - Added connection org.postgresql.jdbc.PgConnection@443c476f
2024-06-09 06:37:57 INFO  com.zaxxer.hikari.HikariDataSource - HikariPool-1 - Start completed.
2024-06-09 06:37:57 WARN  org.hibernate.orm.deprecation - HHH90000025: PostgreSQLDialect does not need to be specified explicitly using 'hibernate.dialect' (remove the property setting and it will be selected by default)
2024-06-09 06:37:57 INFO  o.h.e.t.j.p.i.JtaPlatformInitiator - HHH000489: No JTA platform available (set 'hibernate.transaction.jta.platform' to enable JTA platform integration)
2024-06-09 06:37:58 INFO  o.s.o.j.LocalContainerEntityManagerFactoryBean - Initialized JPA EntityManagerFactory for persistence unit 'default'
2024-06-09 06:37:58 DEBUG c.l.b.security.AuthTokenFilter - Filter 'authTokenFilter' configured for use
2024-06-09 06:37:58 INFO  o.s.s.c.a.a.c.InitializeUserDetailsBeanManagerConfigurer$InitializeUserDetailsManagerConfigurer - Global AuthenticationManager configured with UserDetailsService bean with name userServiceImpl
2024-06-09 06:37:58 WARN  o.s.b.a.o.j.JpaBaseConfiguration$JpaWebConfiguration - spring.jpa.open-in-view is enabled by default. Therefore, database queries may be performed during view rendering. Explicitly configure spring.jpa.open-in-view to disable this warning
2024-06-09 06:37:58 INFO  c.l.b.security.SecurityConfiguration - Configuring security filter chain...
2024-06-09 06:37:58 INFO  c.l.b.security.SecurityConfiguration - Security filter chain configured successfully.
2024-06-09 06:37:59 INFO  o.s.s.web.DefaultSecurityFilterChain - Will secure any request with [org.springframework.security.web.session.DisableEncodeUrlFilter@44d72c24, org.springframework.security.web.context.request.async.WebAsyncManagerIntegrationFilter@60ca93c, org.springframework.security.web.context.SecurityContextHolderFilter@6126c2f0, org.springframework.security.web.header.HeaderWriterFilter@2f55ad74, org.springframework.web.filter.CorsFilter@6154dce7, org.springframework.security.web.authentication.logout.LogoutFilter@64e9d274, com.learn.backendAuth.security.AuthTokenFilter@178b4d82, org.springframework.security.web.savedrequest.RequestCacheAwareFilter@4f4e9fe, org.springframework.security.web.servletapi.SecurityContextHolderAwareRequestFilter@7f3230e5, org.springframework.security.web.authentication.AnonymousAuthenticationFilter@29d40cef, org.springframework.security.web.session.SessionManagementFilter@4085f32d, org.springframework.security.web.access.ExceptionTranslationFilter@5bd4d95f, org.springframework.security.web.access.intercept.AuthorizationFilter@2fbda496]
2024-06-09 06:37:59 INFO  o.s.b.d.a.OptionalLiveReloadServer - LiveReload server is running on port 35729
2024-06-09 06:37:59 INFO  o.a.coyote.http11.Http11NioProtocol - Starting ProtocolHandler ["http-nio-8080"]
2024-06-09 06:37:59 INFO  o.s.b.w.e.tomcat.TomcatWebServer - Tomcat started on port 8080 (http) with context path '/'
2024-06-09 06:37:59 INFO  c.l.b.BackendAuthApplication - Started BackendAuthApplication in 5.085 seconds (process running for 5.612)
2024-06-09 06:38:51 INFO  o.a.c.c.C.[Tomcat].[localhost].[/] - Initializing Spring DispatcherServlet 'dispatcherServlet'
2024-06-09 06:38:51 INFO  o.s.web.servlet.DispatcherServlet - Initializing Servlet 'dispatcherServlet'
2024-06-09 06:38:51 INFO  o.s.web.servlet.DispatcherServlet - Completed initialization in 1 ms
2024-06-09 06:38:51 INFO  c.l.b.security.AuthTokenFilter - No Bearer token found in header
2024-06-09 06:38:51 INFO  c.l.b.service.impl.AuthServiceImpl - Registered new customer with username 'isnaayum'
2024-06-09 06:42:29 INFO  c.l.b.security.AuthTokenFilter - No Bearer token found in header
2024-06-09 06:42:29 INFO  c.learn.backendAuth.security.JwtUtil - Token generated successfully for user 'isnaayum'
2024-06-09 06:42:29 INFO  c.l.b.service.impl.AuthServiceImpl - User 'isnaayum' logged in successfully
2024-06-09 06:43:33 INFO  c.l.b.security.AuthTokenFilter - No Bearer token found in header
2024-06-09 06:43:34 INFO  c.learn.backendAuth.security.JwtUtil - Token generated successfully for user 'isnaayum'
2024-06-09 06:43:34 INFO  c.l.b.service.impl.AuthServiceImpl - User 'isnaayum' logged in successfully
2024-06-09 06:53:54 INFO  c.l.b.security.AuthTokenFilter - No Bearer token found in header
2024-06-09 06:54:08 INFO  c.l.b.security.AuthTokenFilter - No Bearer token found in header
2024-06-09 06:54:08 INFO  c.learn.backendAuth.security.JwtUtil - Token generated successfully for user 'isnaayum'
2024-06-09 06:54:08 INFO  c.l.b.service.impl.AuthServiceImpl - User 'isnaayum' logged in successfully
2024-06-09 07:02:53 INFO  c.l.b.security.AuthTokenFilter - No Bearer token found in header
2024-06-09 07:02:53 INFO  c.l.b.service.impl.AuthServiceImpl - Registered new customer with username 'admin'
2024-06-09 07:03:10 INFO  c.l.b.security.AuthTokenFilter - No Bearer token found in header
2024-06-09 07:03:10 INFO  c.learn.backendAuth.security.JwtUtil - Token generated successfully for user 'admin'
2024-06-09 07:03:10 INFO  c.l.b.service.impl.AuthServiceImpl - User 'admin' logged in successfully
2024-06-09 07:12:20 INFO  o.s.o.j.LocalContainerEntityManagerFactoryBean - Closing JPA EntityManagerFactory for persistence unit 'default'
2024-06-09 07:12:20 INFO  com.zaxxer.hikari.HikariDataSource - HikariPool-1 - Shutdown initiated...
2024-06-09 07:12:20 INFO  com.zaxxer.hikari.HikariDataSource - HikariPool-1 - Shutdown completed.
2024-06-09 07:12:23 INFO  o.h.validator.internal.util.Version - HV000001: Hibernate Validator 8.0.1.Final
2024-06-09 07:12:23 INFO  c.l.b.BackendAuthApplication - Starting BackendAuthApplication using Java 17.0.9 with PID 77989 (/home/user/auth/backendAuth/target/classes started by user in /home/user/auth/backendAuth)
2024-06-09 07:12:23 DEBUG c.l.b.BackendAuthApplication - Running with Spring Boot v3.3.0, Spring v6.1.8
2024-06-09 07:12:23 INFO  c.l.b.BackendAuthApplication - No active profile set, falling back to 1 default profile: "default"
2024-06-09 07:12:23 INFO  o.s.b.d.e.DevToolsPropertyDefaultsPostProcessor - Devtools property defaults active! Set 'spring.devtools.add-properties' to 'false' to disable
2024-06-09 07:12:23 INFO  o.s.b.d.e.DevToolsPropertyDefaultsPostProcessor - For additional web related logging consider setting the 'logging.level.web' property to 'DEBUG'
2024-06-09 07:12:24 INFO  o.s.d.r.c.RepositoryConfigurationDelegate - Bootstrapping Spring Data JPA repositories in DEFAULT mode.
2024-06-09 07:12:24 INFO  o.s.d.r.c.RepositoryConfigurationDelegate - Finished Spring Data repository scanning in 58 ms. Found 4 JPA repository interfaces.
2024-06-09 07:12:25 INFO  o.s.b.w.e.tomcat.TomcatWebServer - Tomcat initialized with port 8080 (http)
2024-06-09 07:12:25 INFO  o.a.coyote.http11.Http11NioProtocol - Initializing ProtocolHandler ["http-nio-8080"]
2024-06-09 07:12:25 INFO  o.a.catalina.core.StandardService - Starting service [Tomcat]
2024-06-09 07:12:25 INFO  o.a.catalina.core.StandardEngine - Starting Servlet engine: [Apache Tomcat/10.1.24]
2024-06-09 07:12:25 INFO  o.a.c.c.C.[Tomcat].[localhost].[/] - Initializing Spring embedded WebApplicationContext
2024-06-09 07:12:25 INFO  o.s.b.w.s.c.ServletWebServerApplicationContext - Root WebApplicationContext: initialization completed in 1618 ms
2024-06-09 07:12:25 INFO  o.h.jpa.internal.util.LogHelper - HHH000204: Processing PersistenceUnitInfo [name: default]
2024-06-09 07:12:25 INFO  org.hibernate.Version - HHH000412: Hibernate ORM core version 6.5.2.Final
2024-06-09 07:12:25 INFO  o.h.c.i.RegionFactoryInitiator - HHH000026: Second-level cache disabled
2024-06-09 07:12:26 INFO  o.s.o.j.p.SpringPersistenceUnitInfo - No LoadTimeWeaver setup: ignoring JPA class transformer
2024-06-09 07:12:26 INFO  com.zaxxer.hikari.HikariDataSource - HikariPool-1 - Starting...
2024-06-09 07:12:26 INFO  com.zaxxer.hikari.pool.HikariPool - HikariPool-1 - Added connection org.postgresql.jdbc.PgConnection@35ccbd34
2024-06-09 07:12:26 INFO  com.zaxxer.hikari.HikariDataSource - HikariPool-1 - Start completed.
2024-06-09 07:12:26 WARN  org.hibernate.orm.deprecation - HHH90000025: PostgreSQLDialect does not need to be specified explicitly using 'hibernate.dialect' (remove the property setting and it will be selected by default)
2024-06-09 07:12:27 INFO  o.h.e.t.j.p.i.JtaPlatformInitiator - HHH000489: No JTA platform available (set 'hibernate.transaction.jta.platform' to enable JTA platform integration)
2024-06-09 07:12:27 INFO  o.s.o.j.LocalContainerEntityManagerFactoryBean - Initialized JPA EntityManagerFactory for persistence unit 'default'
2024-06-09 07:12:27 DEBUG c.l.b.security.AuthTokenFilter - Filter 'authTokenFilter' configured for use
2024-06-09 07:12:27 INFO  o.s.s.c.a.a.c.InitializeUserDetailsBeanManagerConfigurer$InitializeUserDetailsManagerConfigurer - Global AuthenticationManager configured with UserDetailsService bean with name userServiceImpl
2024-06-09 07:12:28 WARN  o.s.b.a.o.j.JpaBaseConfiguration$JpaWebConfiguration - spring.jpa.open-in-view is enabled by default. Therefore, database queries may be performed during view rendering. Explicitly configure spring.jpa.open-in-view to disable this warning
2024-06-09 07:12:28 INFO  c.l.b.security.SecurityConfiguration - Configuring security filter chain...
2024-06-09 07:12:28 INFO  c.l.b.security.SecurityConfiguration - Security filter chain configured successfully.
2024-06-09 07:12:28 INFO  o.s.s.web.DefaultSecurityFilterChain - Will secure any request with [org.springframework.security.web.session.DisableEncodeUrlFilter@4cac21ca, org.springframework.security.web.context.request.async.WebAsyncManagerIntegrationFilter@2ad85fa9, org.springframework.security.web.context.SecurityContextHolderFilter@18b23e4d, org.springframework.security.web.header.HeaderWriterFilter@5a1055d0, org.springframework.web.filter.CorsFilter@3f03673e, org.springframework.security.web.authentication.logout.LogoutFilter@14b03f76, com.learn.backendAuth.security.AuthTokenFilter@75e45c2d, org.springframework.security.web.savedrequest.RequestCacheAwareFilter@4da8d6a2, org.springframework.security.web.servletapi.SecurityContextHolderAwareRequestFilter@3ad40ed, org.springframework.security.web.authentication.AnonymousAuthenticationFilter@3ba4d66f, org.springframework.security.web.session.SessionManagementFilter@580f6f47, org.springframework.security.web.access.ExceptionTranslationFilter@b71ded4, org.springframework.security.web.access.intercept.AuthorizationFilter@157e6d83]
2024-06-09 07:12:28 INFO  o.s.b.d.a.OptionalLiveReloadServer - LiveReload server is running on port 35729
2024-06-09 07:12:28 INFO  o.a.coyote.http11.Http11NioProtocol - Starting ProtocolHandler ["http-nio-8080"]
2024-06-09 07:12:28 INFO  o.s.b.w.e.tomcat.TomcatWebServer - Tomcat started on port 8080 (http) with context path '/'
2024-06-09 07:12:28 INFO  c.l.b.BackendAuthApplication - Started BackendAuthApplication in 5.512 seconds (process running for 6.15)
2024-06-09 07:13:51 INFO  o.a.c.c.C.[Tomcat].[localhost].[/] - Initializing Spring DispatcherServlet 'dispatcherServlet'
2024-06-09 07:13:51 INFO  o.s.web.servlet.DispatcherServlet - Initializing Servlet 'dispatcherServlet'
2024-06-09 07:13:51 INFO  o.s.web.servlet.DispatcherServlet - Completed initialization in 2 ms
2024-06-09 07:13:51 INFO  c.l.b.security.AuthTokenFilter - Token found in header: eyJhbGciOiJIUzI1NiIsInR5cCI6IkpXVCJ9.eyJpc3MiOiJBdXRoIEFwcGxpY2F0aW9uIiwic3ViIjoiYjk4ZjZkMzMtM2FhYS00YmJmLWI1NDEtNjgzNmJkYzYwZjExIiwiZXhwIjoxNzE3ODk0OTkwLCJpYXQiOjE3MTc4OTEzOTAsInJvbGUiOiJST0xFX0NVU1RPTUVSIn0.KYW-TjHJ8saB-R6GAEDORSDU_ppv9erUqRi8kdwrwTE
2024-06-09 07:13:51 INFO  c.l.b.security.AuthTokenFilter - Token found in header: eyJhbGciOiJIUzI1NiIsInR5cCI6IkpXVCJ9.eyJpc3MiOiJBdXRoIEFwcGxpY2F0aW9uIiwic3ViIjoiYjk4ZjZkMzMtM2FhYS00YmJmLWI1NDEtNjgzNmJkYzYwZjExIiwiZXhwIjoxNzE3ODk0OTkwLCJpYXQiOjE3MTc4OTEzOTAsInJvbGUiOiJST0xFX0NVU1RPTUVSIn0.KYW-TjHJ8saB-R6GAEDORSDU_ppv9erUqRi8kdwrwTE
2024-06-09 07:13:51 INFO  c.learn.backendAuth.security.JwtUtil - Token verification successful
2024-06-09 07:13:51 INFO  c.l.b.security.AuthTokenFilter - Token verified successfully
2024-06-09 07:13:51 INFO  c.learn.backendAuth.security.JwtUtil - Token verification successful
2024-06-09 07:13:51 INFO  c.learn.backendAuth.security.JwtUtil - User info retrieved successfully from token
2024-06-09 07:13:51 INFO  c.l.b.security.AuthTokenFilter - Token verified successfully
2024-06-09 07:13:51 INFO  c.learn.backendAuth.security.JwtUtil - User info retrieved successfully from token
2024-06-09 07:13:51 INFO  c.l.b.security.AuthTokenFilter - User found: admin
2024-06-09 07:13:51 INFO  c.l.b.security.AuthTokenFilter - User found: admin
2024-06-09 07:14:57 INFO  c.l.b.security.AuthTokenFilter - Token found in header: eyJhbGciOiJIUzI1NiIsInR5cCI6IkpXVCJ9.eyJpc3MiOiJBdXRoIEFwcGxpY2F0aW9uIiwic3ViIjoiYjk4ZjZkMzMtM2FhYS00YmJmLWI1NDEtNjgzNmJkYzYwZjExIiwiZXhwIjoxNzE3ODk0OTkwLCJpYXQiOjE3MTc4OTEzOTAsInJvbGUiOiJST0xFX0NVU1RPTUVSIn0.KYW-TjHJ8saB-R6GAEDORSDU_ppv9erUqRi8kdwrwTE
2024-06-09 07:14:57 INFO  c.learn.backendAuth.security.JwtUtil - Token verification successful
2024-06-09 07:14:57 INFO  c.l.b.security.AuthTokenFilter - Token verified successfully
2024-06-09 07:14:57 INFO  c.learn.backendAuth.security.JwtUtil - User info retrieved successfully from token
2024-06-09 07:14:57 INFO  c.l.b.security.AuthTokenFilter - User found: admin
2024-06-09 07:14:58 INFO  c.l.b.security.AuthTokenFilter - Token found in header: eyJhbGciOiJIUzI1NiIsInR5cCI6IkpXVCJ9.eyJpc3MiOiJBdXRoIEFwcGxpY2F0aW9uIiwic3ViIjoiYjk4ZjZkMzMtM2FhYS00YmJmLWI1NDEtNjgzNmJkYzYwZjExIiwiZXhwIjoxNzE3ODk0OTkwLCJpYXQiOjE3MTc4OTEzOTAsInJvbGUiOiJST0xFX0NVU1RPTUVSIn0.KYW-TjHJ8saB-R6GAEDORSDU_ppv9erUqRi8kdwrwTE
2024-06-09 07:14:58 INFO  c.learn.backendAuth.security.JwtUtil - Token verification successful
2024-06-09 07:14:58 INFO  c.l.b.security.AuthTokenFilter - Token verified successfully
2024-06-09 07:14:58 INFO  c.learn.backendAuth.security.JwtUtil - User info retrieved successfully from token
2024-06-09 07:14:58 INFO  c.l.b.security.AuthTokenFilter - User found: admin
2024-06-09 07:15:51 INFO  c.l.b.security.AuthTokenFilter - Token found in header: eyJhbGciOiJIUzI1NiIsInR5cCI6IkpXVCJ9.eyJpc3MiOiJBdXRoIEFwcGxpY2F0aW9uIiwic3ViIjoiYjk4ZjZkMzMtM2FhYS00YmJmLWI1NDEtNjgzNmJkYzYwZjExIiwiZXhwIjoxNzE3ODk0OTkwLCJpYXQiOjE3MTc4OTEzOTAsInJvbGUiOiJST0xFX0NVU1RPTUVSIn0.KYW-TjHJ8saB-R6GAEDORSDU_ppv9erUqRi8kdwrwTE
2024-06-09 07:15:51 INFO  c.learn.backendAuth.security.JwtUtil - Token verification successful
2024-06-09 07:15:51 INFO  c.l.b.security.AuthTokenFilter - Token verified successfully
2024-06-09 07:15:51 INFO  c.learn.backendAuth.security.JwtUtil - User info retrieved successfully from token
2024-06-09 07:15:51 INFO  c.l.b.security.AuthTokenFilter - User found: admin
2024-06-09 07:15:56 INFO  c.l.b.security.AuthTokenFilter - Token found in header: eyJhbGciOiJIUzI1NiIsInR5cCI6IkpXVCJ9.eyJpc3MiOiJBdXRoIEFwcGxpY2F0aW9uIiwic3ViIjoiYjk4ZjZkMzMtM2FhYS00YmJmLWI1NDEtNjgzNmJkYzYwZjExIiwiZXhwIjoxNzE3ODk0OTkwLCJpYXQiOjE3MTc4OTEzOTAsInJvbGUiOiJST0xFX0NVU1RPTUVSIn0.KYW-TjHJ8saB-R6GAEDORSDU_ppv9erUqRi8kdwrwTE
2024-06-09 07:15:56 INFO  c.learn.backendAuth.security.JwtUtil - Token verification successful
2024-06-09 07:15:56 INFO  c.l.b.security.AuthTokenFilter - Token verified successfully
2024-06-09 07:15:56 INFO  c.learn.backendAuth.security.JwtUtil - User info retrieved successfully from token
2024-06-09 07:15:56 INFO  c.l.b.security.AuthTokenFilter - User found: admin
2024-06-09 07:16:01 INFO  c.l.b.security.AuthTokenFilter - Token found in header: eyJhbGciOiJIUzI1NiIsInR5cCI6IkpXVCJ9.eyJpc3MiOiJBdXRoIEFwcGxpY2F0aW9uIiwic3ViIjoiYjk4ZjZkMzMtM2FhYS00YmJmLWI1NDEtNjgzNmJkYzYwZjExIiwiZXhwIjoxNzE3ODk0OTkwLCJpYXQiOjE3MTc4OTEzOTAsInJvbGUiOiJST0xFX0NVU1RPTUVSIn0.KYW-TjHJ8saB-R6GAEDORSDU_ppv9erUqRi8kdwrwTE
2024-06-09 07:16:01 INFO  c.learn.backendAuth.security.JwtUtil - Token verification successful
2024-06-09 07:16:01 INFO  c.l.b.security.AuthTokenFilter - Token verified successfully
2024-06-09 07:16:01 INFO  c.learn.backendAuth.security.JwtUtil - User info retrieved successfully from token
2024-06-09 07:16:01 INFO  c.l.b.security.AuthTokenFilter - User found: admin
2024-06-09 07:16:12 INFO  c.l.b.security.AuthTokenFilter - Token found in header: eyJhbGciOiJIUzI1NiIsInR5cCI6IkpXVCJ9.eyJpc3MiOiJBdXRoIEFwcGxpY2F0aW9uIiwic3ViIjoiYjk4ZjZkMzMtM2FhYS00YmJmLWI1NDEtNjgzNmJkYzYwZjExIiwiZXhwIjoxNzE3ODk0OTkwLCJpYXQiOjE3MTc4OTEzOTAsInJvbGUiOiJST0xFX0NVU1RPTUVSIn0.KYW-TjHJ8saB-R6GAEDORSDU_ppv9erUqRi8kdwrwTE
2024-06-09 07:16:12 INFO  c.learn.backendAuth.security.JwtUtil - Token verification successful
2024-06-09 07:16:12 INFO  c.l.b.security.AuthTokenFilter - Token verified successfully
2024-06-09 07:16:12 INFO  c.learn.backendAuth.security.JwtUtil - User info retrieved successfully from token
2024-06-09 07:16:12 INFO  c.l.b.security.AuthTokenFilter - User found: admin
2024-06-09 07:16:20 INFO  c.l.b.security.AuthTokenFilter - Token found in header: eyJhbGciOiJIUzI1NiIsInR5cCI6IkpXVCJ9.eyJpc3MiOiJBdXRoIEFwcGxpY2F0aW9uIiwic3ViIjoiYjk4ZjZkMzMtM2FhYS00YmJmLWI1NDEtNjgzNmJkYzYwZjExIiwiZXhwIjoxNzE3ODk0OTkwLCJpYXQiOjE3MTc4OTEzOTAsInJvbGUiOiJST0xFX0NVU1RPTUVSIn0.KYW-TjHJ8saB-R6GAEDORSDU_ppv9erUqRi8kdwrwTE
2024-06-09 07:16:20 INFO  c.learn.backendAuth.security.JwtUtil - Token verification successful
2024-06-09 07:16:20 INFO  c.l.b.security.AuthTokenFilter - Token verified successfully
2024-06-09 07:16:20 INFO  c.learn.backendAuth.security.JwtUtil - User info retrieved successfully from token
2024-06-09 07:16:20 INFO  c.l.b.security.AuthTokenFilter - User found: admin
2024-06-09 07:17:02 INFO  c.l.b.security.AuthTokenFilter - No Bearer token found in header
2024-06-09 07:17:50 INFO  c.l.b.security.AuthTokenFilter - No Bearer token found in header
2024-06-09 07:17:51 INFO  c.learn.backendAuth.security.JwtUtil - Token generated successfully for user 'isnaayum'
2024-06-09 07:17:51 INFO  c.l.b.service.impl.AuthServiceImpl - User 'isnaayum' logged in successfully
2024-06-09 07:17:51 INFO  c.l.b.security.AuthTokenFilter - Token found in header: eyJhbGciOiJIUzI1NiIsInR5cCI6IkpXVCJ9.eyJpc3MiOiJBdXRoIEFwcGxpY2F0aW9uIiwic3ViIjoiYmM0YjE2YmItMjNhNy00YjgyLWE5ODYtNTI1ZWZkZjNiYzg1IiwiZXhwIjoxNzE3ODk1ODcxLCJpYXQiOjE3MTc4OTIyNzEsInJvbGUiOiJST0xFX0NVU1RPTUVSIn0.di-QHDZ247mCQiAyWL3SI3HRpM2cKdwdIs1YY7VXmp0
2024-06-09 07:17:51 INFO  c.l.b.security.AuthTokenFilter - Token found in header: eyJhbGciOiJIUzI1NiIsInR5cCI6IkpXVCJ9.eyJpc3MiOiJBdXRoIEFwcGxpY2F0aW9uIiwic3ViIjoiYmM0YjE2YmItMjNhNy00YjgyLWE5ODYtNTI1ZWZkZjNiYzg1IiwiZXhwIjoxNzE3ODk1ODcxLCJpYXQiOjE3MTc4OTIyNzEsInJvbGUiOiJST0xFX0NVU1RPTUVSIn0.di-QHDZ247mCQiAyWL3SI3HRpM2cKdwdIs1YY7VXmp0
2024-06-09 07:17:51 INFO  c.learn.backendAuth.security.JwtUtil - Token verification successful
2024-06-09 07:17:51 INFO  c.l.b.security.AuthTokenFilter - Token verified successfully
2024-06-09 07:17:51 INFO  c.learn.backendAuth.security.JwtUtil - Token verification successful
2024-06-09 07:17:51 INFO  c.l.b.security.AuthTokenFilter - Token verified successfully
2024-06-09 07:17:51 INFO  c.learn.backendAuth.security.JwtUtil - User info retrieved successfully from token
2024-06-09 07:17:51 INFO  c.learn.backendAuth.security.JwtUtil - User info retrieved successfully from token
2024-06-09 07:17:51 INFO  c.l.b.security.AuthTokenFilter - User found: isnaayum
2024-06-09 07:17:51 INFO  c.l.b.security.AuthTokenFilter - User found: isnaayum
2024-06-09 07:18:23 INFO  c.l.b.security.AuthTokenFilter - Token found in header: eyJhbGciOiJIUzI1NiIsInR5cCI6IkpXVCJ9.eyJpc3MiOiJBdXRoIEFwcGxpY2F0aW9uIiwic3ViIjoiYmM0YjE2YmItMjNhNy00YjgyLWE5ODYtNTI1ZWZkZjNiYzg1IiwiZXhwIjoxNzE3ODk1ODcxLCJpYXQiOjE3MTc4OTIyNzEsInJvbGUiOiJST0xFX0NVU1RPTUVSIn0.di-QHDZ247mCQiAyWL3SI3HRpM2cKdwdIs1YY7VXmp0
2024-06-09 07:18:23 INFO  c.learn.backendAuth.security.JwtUtil - Token verification successful
2024-06-09 07:18:23 INFO  c.l.b.security.AuthTokenFilter - Token verified successfully
2024-06-09 07:18:23 INFO  c.learn.backendAuth.security.JwtUtil - User info retrieved successfully from token
2024-06-09 07:18:23 INFO  c.l.b.security.AuthTokenFilter - User found: isnaayum
2024-06-09 07:18:48 INFO  c.l.b.security.AuthTokenFilter - Token found in header: eyJhbGciOiJIUzI1NiIsInR5cCI6IkpXVCJ9.eyJpc3MiOiJBdXRoIEFwcGxpY2F0aW9uIiwic3ViIjoiYmM0YjE2YmItMjNhNy00YjgyLWE5ODYtNTI1ZWZkZjNiYzg1IiwiZXhwIjoxNzE3ODk1ODcxLCJpYXQiOjE3MTc4OTIyNzEsInJvbGUiOiJST0xFX0NVU1RPTUVSIn0.di-QHDZ247mCQiAyWL3SI3HRpM2cKdwdIs1YY7VXmp0
2024-06-09 07:18:48 INFO  c.learn.backendAuth.security.JwtUtil - Token verification successful
2024-06-09 07:18:48 INFO  c.l.b.security.AuthTokenFilter - Token verified successfully
2024-06-09 07:18:48 INFO  c.learn.backendAuth.security.JwtUtil - User info retrieved successfully from token
2024-06-09 07:18:48 INFO  c.l.b.security.AuthTokenFilter - User found: isnaayum
2024-06-09 07:19:15 INFO  c.l.b.security.AuthTokenFilter - Token found in header: eyJhbGciOiJIUzI1NiIsInR5cCI6IkpXVCJ9.eyJpc3MiOiJBdXRoIEFwcGxpY2F0aW9uIiwic3ViIjoiYmM0YjE2YmItMjNhNy00YjgyLWE5ODYtNTI1ZWZkZjNiYzg1IiwiZXhwIjoxNzE3ODk1ODcxLCJpYXQiOjE3MTc4OTIyNzEsInJvbGUiOiJST0xFX0NVU1RPTUVSIn0.di-QHDZ247mCQiAyWL3SI3HRpM2cKdwdIs1YY7VXmp0
2024-06-09 07:19:15 INFO  c.learn.backendAuth.security.JwtUtil - Token verification successful
2024-06-09 07:19:15 INFO  c.l.b.security.AuthTokenFilter - Token verified successfully
2024-06-09 07:19:15 INFO  c.learn.backendAuth.security.JwtUtil - User info retrieved successfully from token
2024-06-09 07:19:15 INFO  c.l.b.security.AuthTokenFilter - User found: isnaayum
2024-06-09 07:20:49 INFO  c.l.b.security.AuthTokenFilter - Token found in header: eyJhbGciOiJIUzI1NiIsInR5cCI6IkpXVCJ9.eyJpc3MiOiJBdXRoIEFwcGxpY2F0aW9uIiwic3ViIjoiYmM0YjE2YmItMjNhNy00YjgyLWE5ODYtNTI1ZWZkZjNiYzg1IiwiZXhwIjoxNzE3ODk1ODcxLCJpYXQiOjE3MTc4OTIyNzEsInJvbGUiOiJST0xFX0NVU1RPTUVSIn0.di-QHDZ247mCQiAyWL3SI3HRpM2cKdwdIs1YY7VXmp0
2024-06-09 07:20:49 INFO  c.learn.backendAuth.security.JwtUtil - Token verification successful
2024-06-09 07:20:49 INFO  c.l.b.security.AuthTokenFilter - Token verified successfully
2024-06-09 07:20:49 INFO  c.learn.backendAuth.security.JwtUtil - User info retrieved successfully from token
2024-06-09 07:20:49 INFO  c.l.b.security.AuthTokenFilter - User found: isnaayum
2024-06-09 07:27:23 INFO  c.l.b.security.AuthTokenFilter - Token found in header: eyJhbGciOiJIUzI1NiIsInR5cCI6IkpXVCJ9.eyJpc3MiOiJBdXRoIEFwcGxpY2F0aW9uIiwic3ViIjoiYmM0YjE2YmItMjNhNy00YjgyLWE5ODYtNTI1ZWZkZjNiYzg1IiwiZXhwIjoxNzE3ODk1ODcxLCJpYXQiOjE3MTc4OTIyNzEsInJvbGUiOiJST0xFX0NVU1RPTUVSIn0.di-QHDZ247mCQiAyWL3SI3HRpM2cKdwdIs1YY7VXmp0
2024-06-09 07:27:23 INFO  c.learn.backendAuth.security.JwtUtil - Token verification successful
2024-06-09 07:27:23 INFO  c.l.b.security.AuthTokenFilter - Token verified successfully
2024-06-09 07:27:23 INFO  c.learn.backendAuth.security.JwtUtil - User info retrieved successfully from token
2024-06-09 07:27:23 INFO  c.l.b.security.AuthTokenFilter - User found: isnaayum
2024-06-09 07:27:46 INFO  c.l.b.security.AuthTokenFilter - Token found in header: eyJhbGciOiJIUzI1NiIsInR5cCI6IkpXVCJ9.eyJpc3MiOiJBdXRoIEFwcGxpY2F0aW9uIiwic3ViIjoiYmM0YjE2YmItMjNhNy00YjgyLWE5ODYtNTI1ZWZkZjNiYzg1IiwiZXhwIjoxNzE3ODk1ODcxLCJpYXQiOjE3MTc4OTIyNzEsInJvbGUiOiJST0xFX0NVU1RPTUVSIn0.di-QHDZ247mCQiAyWL3SI3HRpM2cKdwdIs1YY7VXmp0
2024-06-09 07:27:46 INFO  c.learn.backendAuth.security.JwtUtil - Token verification successful
2024-06-09 07:27:46 INFO  c.l.b.security.AuthTokenFilter - Token verified successfully
2024-06-09 07:27:46 INFO  c.learn.backendAuth.security.JwtUtil - User info retrieved successfully from token
2024-06-09 07:27:46 INFO  c.l.b.security.AuthTokenFilter - User found: isnaayum
2024-06-09 07:28:00 INFO  c.l.b.security.AuthTokenFilter - Token found in header: eyJhbGciOiJIUzI1NiIsInR5cCI6IkpXVCJ9.eyJpc3MiOiJBdXRoIEFwcGxpY2F0aW9uIiwic3ViIjoiYmM0YjE2YmItMjNhNy00YjgyLWE5ODYtNTI1ZWZkZjNiYzg1IiwiZXhwIjoxNzE3ODk1ODcxLCJpYXQiOjE3MTc4OTIyNzEsInJvbGUiOiJST0xFX0NVU1RPTUVSIn0.di-QHDZ247mCQiAyWL3SI3HRpM2cKdwdIs1YY7VXmp0
2024-06-09 07:28:00 INFO  c.learn.backendAuth.security.JwtUtil - Token verification successful
2024-06-09 07:28:00 INFO  c.l.b.security.AuthTokenFilter - Token verified successfully
2024-06-09 07:28:00 INFO  c.learn.backendAuth.security.JwtUtil - User info retrieved successfully from token
2024-06-09 07:28:00 INFO  c.l.b.security.AuthTokenFilter - User found: isnaayum
2024-06-09 07:28:17 INFO  c.l.b.security.AuthTokenFilter - Token found in header: eyJhbGciOiJIUzI1NiIsInR5cCI6IkpXVCJ9.eyJpc3MiOiJBdXRoIEFwcGxpY2F0aW9uIiwic3ViIjoiYmM0YjE2YmItMjNhNy00YjgyLWE5ODYtNTI1ZWZkZjNiYzg1IiwiZXhwIjoxNzE3ODk1ODcxLCJpYXQiOjE3MTc4OTIyNzEsInJvbGUiOiJST0xFX0NVU1RPTUVSIn0.di-QHDZ247mCQiAyWL3SI3HRpM2cKdwdIs1YY7VXmp0
2024-06-09 07:28:17 INFO  c.learn.backendAuth.security.JwtUtil - Token verification successful
2024-06-09 07:28:17 INFO  c.l.b.security.AuthTokenFilter - Token verified successfully
2024-06-09 07:28:17 INFO  c.learn.backendAuth.security.JwtUtil - User info retrieved successfully from token
2024-06-09 07:28:17 INFO  c.l.b.security.AuthTokenFilter - User found: isnaayum
2024-06-09 07:30:57 INFO  c.l.b.security.AuthTokenFilter - No Bearer token found in header
2024-06-09 07:30:57 INFO  c.learn.backendAuth.security.JwtUtil - Token generated successfully for user 'admin'
2024-06-09 07:30:57 INFO  c.l.b.service.impl.AuthServiceImpl - User 'admin' logged in successfully
2024-06-09 07:30:57 INFO  c.l.b.security.AuthTokenFilter - Token found in header: eyJhbGciOiJIUzI1NiIsInR5cCI6IkpXVCJ9.eyJpc3MiOiJBdXRoIEFwcGxpY2F0aW9uIiwic3ViIjoiYjk4ZjZkMzMtM2FhYS00YmJmLWI1NDEtNjgzNmJkYzYwZjExIiwiZXhwIjoxNzE3ODk2NjU3LCJpYXQiOjE3MTc4OTMwNTcsInJvbGUiOiJST0xFX0NVU1RPTUVSIn0.5DZw_jOlLSDxmFkpH43nIzcrvgtjf214S8IBl1mGzmU
2024-06-09 07:30:57 INFO  c.l.b.security.AuthTokenFilter - Token found in header: eyJhbGciOiJIUzI1NiIsInR5cCI6IkpXVCJ9.eyJpc3MiOiJBdXRoIEFwcGxpY2F0aW9uIiwic3ViIjoiYjk4ZjZkMzMtM2FhYS00YmJmLWI1NDEtNjgzNmJkYzYwZjExIiwiZXhwIjoxNzE3ODk2NjU3LCJpYXQiOjE3MTc4OTMwNTcsInJvbGUiOiJST0xFX0NVU1RPTUVSIn0.5DZw_jOlLSDxmFkpH43nIzcrvgtjf214S8IBl1mGzmU
2024-06-09 07:30:57 INFO  c.learn.backendAuth.security.JwtUtil - Token verification successful
2024-06-09 07:30:57 INFO  c.l.b.security.AuthTokenFilter - Token verified successfully
2024-06-09 07:30:57 INFO  c.learn.backendAuth.security.JwtUtil - Token verification successful
2024-06-09 07:30:57 INFO  c.l.b.security.AuthTokenFilter - Token verified successfully
2024-06-09 07:30:57 INFO  c.learn.backendAuth.security.JwtUtil - User info retrieved successfully from token
2024-06-09 07:30:57 INFO  c.learn.backendAuth.security.JwtUtil - User info retrieved successfully from token
2024-06-09 07:30:57 INFO  c.l.b.security.AuthTokenFilter - User found: admin
2024-06-09 07:30:57 INFO  c.l.b.security.AuthTokenFilter - User found: admin
2024-06-09 07:31:36 INFO  c.l.b.security.AuthTokenFilter - Token found in header: eyJhbGciOiJIUzI1NiIsInR5cCI6IkpXVCJ9.eyJpc3MiOiJBdXRoIEFwcGxpY2F0aW9uIiwic3ViIjoiYmM0YjE2YmItMjNhNy00YjgyLWE5ODYtNTI1ZWZkZjNiYzg1IiwiZXhwIjoxNzE3ODk1ODcxLCJpYXQiOjE3MTc4OTIyNzEsInJvbGUiOiJST0xFX0NVU1RPTUVSIn0.di-QHDZ247mCQiAyWL3SI3HRpM2cKdwdIs1YY7VXmp0
2024-06-09 07:31:36 INFO  c.learn.backendAuth.security.JwtUtil - Token verification successful
2024-06-09 07:31:36 INFO  c.l.b.security.AuthTokenFilter - Token verified successfully
2024-06-09 07:31:36 INFO  c.learn.backendAuth.security.JwtUtil - User info retrieved successfully from token
2024-06-09 07:31:36 INFO  c.l.b.security.AuthTokenFilter - User found: isnaayum
2024-06-09 07:31:59 INFO  c.l.b.security.AuthTokenFilter - Token found in header: eyJhbGciOiJIUzI1NiIsInR5cCI6IkpXVCJ9.eyJpc3MiOiJBdXRoIEFwcGxpY2F0aW9uIiwic3ViIjoiYjk4ZjZkMzMtM2FhYS00YmJmLWI1NDEtNjgzNmJkYzYwZjExIiwiZXhwIjoxNzE3ODk2NjU3LCJpYXQiOjE3MTc4OTMwNTcsInJvbGUiOiJST0xFX0NVU1RPTUVSIn0.5DZw_jOlLSDxmFkpH43nIzcrvgtjf214S8IBl1mGzmU
2024-06-09 07:31:59 INFO  c.learn.backendAuth.security.JwtUtil - Token verification successful
2024-06-09 07:31:59 INFO  c.l.b.security.AuthTokenFilter - Token verified successfully
2024-06-09 07:31:59 INFO  c.learn.backendAuth.security.JwtUtil - User info retrieved successfully from token
2024-06-09 07:31:59 INFO  c.l.b.security.AuthTokenFilter - User found: admin
2024-06-09 07:32:05 INFO  c.l.b.security.AuthTokenFilter - Token found in header: eyJhbGciOiJIUzI1NiIsInR5cCI6IkpXVCJ9.eyJpc3MiOiJBdXRoIEFwcGxpY2F0aW9uIiwic3ViIjoiYjk4ZjZkMzMtM2FhYS00YmJmLWI1NDEtNjgzNmJkYzYwZjExIiwiZXhwIjoxNzE3ODk2NjU3LCJpYXQiOjE3MTc4OTMwNTcsInJvbGUiOiJST0xFX0NVU1RPTUVSIn0.5DZw_jOlLSDxmFkpH43nIzcrvgtjf214S8IBl1mGzmU
2024-06-09 07:32:05 INFO  c.learn.backendAuth.security.JwtUtil - Token verification successful
2024-06-09 07:32:05 INFO  c.l.b.security.AuthTokenFilter - Token verified successfully
2024-06-09 07:32:05 INFO  c.learn.backendAuth.security.JwtUtil - User info retrieved successfully from token
2024-06-09 07:32:05 INFO  c.l.b.security.AuthTokenFilter - User found: admin
2024-06-09 08:58:58 INFO  c.l.b.security.AuthTokenFilter - No Bearer token found in header
2024-06-09 08:59:12 INFO  c.l.b.security.AuthTokenFilter - No Bearer token found in header
2024-06-09 08:59:13 INFO  c.learn.backendAuth.security.JwtUtil - Token generated successfully for user 'isnaayum'
2024-06-09 08:59:13 INFO  c.l.b.service.impl.AuthServiceImpl - User 'isnaayum' logged in successfully
2024-06-09 08:59:13 INFO  c.l.b.security.AuthTokenFilter - Token found in header: eyJhbGciOiJIUzI1NiIsInR5cCI6IkpXVCJ9.eyJpc3MiOiJBdXRoIEFwcGxpY2F0aW9uIiwic3ViIjoiYmM0YjE2YmItMjNhNy00YjgyLWE5ODYtNTI1ZWZkZjNiYzg1IiwiZXhwIjoxNzE3OTAxOTUzLCJpYXQiOjE3MTc4OTgzNTMsInJvbGUiOiJST0xFX0NVU1RPTUVSIn0.Y3vBnL4C4Ny8XjClouoLzUBU6iVP_98cKqBtfIdA7qM
2024-06-09 08:59:13 INFO  c.learn.backendAuth.security.JwtUtil - Token verification successful
2024-06-09 08:59:13 INFO  c.l.b.security.AuthTokenFilter - Token verified successfully
2024-06-09 08:59:13 INFO  c.learn.backendAuth.security.JwtUtil - User info retrieved successfully from token
2024-06-09 08:59:13 INFO  c.l.b.security.AuthTokenFilter - Token found in header: eyJhbGciOiJIUzI1NiIsInR5cCI6IkpXVCJ9.eyJpc3MiOiJBdXRoIEFwcGxpY2F0aW9uIiwic3ViIjoiYmM0YjE2YmItMjNhNy00YjgyLWE5ODYtNTI1ZWZkZjNiYzg1IiwiZXhwIjoxNzE3OTAxOTUzLCJpYXQiOjE3MTc4OTgzNTMsInJvbGUiOiJST0xFX0NVU1RPTUVSIn0.Y3vBnL4C4Ny8XjClouoLzUBU6iVP_98cKqBtfIdA7qM
2024-06-09 08:59:13 INFO  c.l.b.security.AuthTokenFilter - User found: isnaayum
2024-06-09 08:59:13 INFO  c.learn.backendAuth.security.JwtUtil - Token verification successful
2024-06-09 08:59:13 INFO  c.l.b.security.AuthTokenFilter - Token verified successfully
2024-06-09 08:59:13 INFO  c.learn.backendAuth.security.JwtUtil - User info retrieved successfully from token
2024-06-09 08:59:13 INFO  c.l.b.security.AuthTokenFilter - User found: isnaayum
